INFO - Loading File: [ C:\_NOA\NOA_v2\pipe.json ]
INFO - Loading Pipeline: [ testPipe ]
INFO - Loading Program: [ PaperParser ]
INFO - Executing Program: [ PaperParser ]
INFO - Loading File: [ C:\_NOA\NOA_v2\pipe.json ]
INFO - Loading Pipeline: [ testPipe ]
INFO - Loading Program: [ PaperParser ]
INFO - Executing Program: [ PaperParser ]
INFO - Loading File: [ C:\_NOA\NOA_v2\pipe.json ]
INFO - Loading Pipeline: [ testPipe ]
INFO - Loading Program: [ PaperParser ]
INFO - Executing Program: [ PaperParser ]
INFO - Loading File: [ C:\_NOA\NOA_v2\pipe.json ]
INFO - Loading Pipeline: [ testPipe ]
INFO - Loading Program: [ PaperParser ]
INFO - Executing Program: [ PaperParser ]
INFO - Executing Program: [ PaperParser ] ---- DONE!
INFO - Loading File: [ C:\_NOA\NOA_v2\pipe.json ]
INFO - Loading Pipeline: [ testPipe ]
INFO - Loading Program: [ PaperParser ]
INFO - Executing Program: [ PaperParser ]
ERROR - Executing Program :[  } ---- [35mwith ERRORS[0m
INFO - Loading File: [ C:\_NOA\NOA_v2\pipe.json ]
INFO - Loading Pipeline: [ testPipe ]
INFO - Loading Program: [ PaperParser ]
INFO - Executing Program: [ PaperParser ]
ERROR - Executing Program :[  } ---- [31mwith ERRORS[0m
INFO - Loading File: [ C:\_NOA\NOA_v2\pipe.json ]
INFO - Loading Pipeline: [ testPipe ]
INFO - Loading Program: [ PaperParser ]
INFO - Executing Program: [ PaperParser ]
ERROR - Executing Program :[  } ---- [31mwith ERRORS[0m
INFO - Loading File: [ C:\_NOA\NOA_v2\pipe.json ]
INFO - Loading Pipeline: [ testPipe ]
INFO - Loading Program: [ PaperParser ]
INFO - Executing Program: [ PaperParser ]
ERROR - Executing Program :[  } ---- [31mwith ERRORS[0m
INFO - Loading File: [ C:\_NOA\NOA_v2\pipe.json ]
INFO - Loading Pipeline: [ testPipe ]
INFO - Loading Program: [ PaperParser ]
INFO - Executing Program: [ PaperParser ]
ERROR - Executing Program :[  } ---- [31mwith ERRORS[0m  ExitCode:0
INFO - Loading File: [ C:\_NOA\NOA_v2\pipe.json ]
INFO - Loading Pipeline: [ testPipe ]
INFO - Loading Program: [ PaperParser ]
INFO - Executing Program: [ PaperParser ]
ERROR - Executing Program :[  } ---- [31mwith ERRORS[0m  ExitCode:1
INFO - Loading File: [ C:\_NOA\NOA_v2\pipe.json ]
INFO - Loading Pipeline: [ testPipe ]
INFO - Loading Program: [ PaperParser ]
INFO - Executing Program: [ PaperParser ]
ERROR - [31mFATAL ERROR:[ PaperParser ] ExitCode: 0[0m
INFO - Loading File: [ C:\_NOA\NOA_v2\pipe.json ]
INFO - Loading Pipeline: [ testPipe ]
INFO - Loading Program: [ PaperParser ]
INFO - Executing Program: [ PaperParser ]
ERROR - Finished Program :[ PaperParser ] [31mwith minor ERRORS[0m
INFO - Loading File: [ C:\_NOA\NOA_v2\pipe.json ]
INFO - Loading Pipeline: [ testPipe ]
INFO - Loading Program: [ PaperParser ]
INFO - Executing Program: [ PaperParser ]
INFO - Loading File: [ C:\_NOA\NOA_v2\pipe.json ]
INFO - Loading Pipeline: [ testPipe ]
INFO - Loading Program: [ PaperParser ]
INFO - Loading File: [ C:\_NOA\NOA_v2\pipe.json ]
INFO - Loading Pipeline: [ testPipe ]
INFO - Loading Program: [ PaperParser ]
INFO - Loading Program: [ PaperDownloader ]
INFO - Executing Program: [ PaperParser ]
ERROR - Finished Program :[ PaperParser ] [31mwith minor ERRORS[0m
INFO - Executing Program: [ PaperDownloader ]
ERROR - [31mFATAL ERROR:[ PaperDownloader ] ExitCode: 1[0m
INFO - Loading File: [ C:\_NOA\NOA_v2\pipe.json ]
INFO - Loading Pipeline: [ testPipe ]
INFO - Loading Program: [ PaperParser ]
INFO - Loading Program: [ PaperDownloader ]
INFO - Executing Program: [ PaperDownloader ]
ERROR - Finished Program :[ PaperDownloader ] [31mwith minor ERRORS[0m
INFO - Loading File: [ C:\_NOA\NOA_v2\pipe.json ]
INFO - Loading Pipeline: [ testPipe ]
INFO - Loading Program: [ PaperParser ]
INFO - Loading Program: [ PaperDownloader ]
INFO - Executing Program: [ PaperDownloader ]
ERROR - Finished Program :[ PaperDownloader ] [31mwith minor ERRORS[0m
INFO - Loading File: [ C:\_NOA\NOA_v2\pipe.json ]
INFO - Loading Pipeline: [ testPipe ]
INFO - Loading Program: [ PaperParser ]
INFO - Loading Program: [ PaperDownloader ]
INFO - Executing Program: [ PaperDownloader ]
ERROR - [31mFATAL ERROR:[ PaperDownloader ] ExitCode: 1[0m
INFO - Loading File: [ C:\_NOA\NOA_v2\pipe.json ]
INFO - Loading Pipeline: [ testPipe ]
INFO - Loading Program: [ PaperParser ]
INFO - Loading Program: [ PaperDownloader ]
INFO - Executing Program: [ PaperDownloader ]
ERROR - [31mFATAL ERROR:[ PaperDownloader ] ExitCode: 1[0m
INFO - Loading File: [ C:\_NOA\NOA_v2\pipe.json ]
INFO - Loading Pipeline: [ testPipe ]
INFO - Loading Program: [ PaperParser ]
INFO - Loading Program: [ PaperDownloader ]
INFO - Executing Program: [ PaperDownloader ]
INFO - Finished Program: [ PaperDownloader ] [32mwithout Errors![0m
INFO - Loading File: [ C:\_NOA\NOA_v2\pipe.json ]
INFO - Loading Pipeline: [ testPipe ]
INFO - Loading Program: [ PaperParser ]
INFO - Loading Program: [ PaperDownloader ]
INFO - Executing Program: [ PaperDownloader ]
ERROR - [31mFATAL ERROR:[ PaperDownloader ] ExitCode: 1[0m
INFO - Loading File: [ C:\_NOA\NOA_v2\pipe.json ]
INFO - Loading Pipeline: [ testPipe ]
INFO - Loading Program: [ PaperParser ]
INFO - Loading Program: [ PaperDownloader ]
INFO - Executing Program: [ PaperDownloader ]
INFO - Finished Program: [ PaperDownloader ] [32mwithout Errors![0m
INFO - Loading File: [ C:\_NOA\NOA_v2\pipe.json ]
INFO - Loading Pipeline: [ testPipe ]
INFO - Loading Program: [ PaperParser ]
INFO - Loading Program: [ PaperDownloader ]
INFO - Executing Program: [ PaperDownloader ]
INFO - Finished Program: [ PaperDownloader ] [32mwithout Errors![0m
INFO - Loading File: [ C:\_NOA\NOA_v2\pipe.json ]
INFO - Loading Pipeline: [ testPipe ]
INFO - Loading Program: [ PaperParser ]
INFO - Loading Program: [ PaperDownloader ]
INFO - Executing Program: [ PaperDownloader ]
ERROR - [31mFATAL ERROR:[ PaperDownloader ] ExitCode: 1[0m
INFO - Loading File: [ C:\_NOA\NOA_v2\pipe.json ]
INFO - Loading Pipeline: [ testPipe ]
INFO - Loading Program: [ PaperParser ]
INFO - Loading Program: [ PaperDownloader ]
INFO - Executing Program: [ PaperDownloader ]
ERROR - [31mFATAL ERROR:[ PaperDownloader ] ExitCode: 1[0m
INFO - Loading File: [ C:\_NOA\NOA_v2\pipe.json ]
INFO - Loading Pipeline: [ testPipe ]
INFO - Loading Program: [ PaperParser ]
INFO - Loading Program: [ PaperDownloader ]
INFO - Executing Program: [ PaperDownloader ]
ERROR - [31mFATAL ERROR:[ PaperDownloader ] ExitCode: 1[0m
INFO - Loading File: [ C:\_NOA\NOA_v2\pipe.json ]
INFO - Loading Pipeline: [ testPipe ]
INFO - Loading Program: [ PaperParser ]
INFO - Loading Program: [ PaperDownloader ]
INFO - Executing Program: [ PaperDownloader ]
ERROR - [31mFATAL ERROR:[ PaperDownloader ] ExitCode: 1[0m
INFO - Loading File: [ C:\_NOA\NOA_v2\pipe.json ]
INFO - Loading Pipeline: [ testPipe ]
INFO - Loading Program: [ PaperParser ]
INFO - Loading Program: [ PaperDownloader ]
INFO - Executing Program: [ PaperDownloader ]
INFO - Loading File: [ C:\_NOA\NOA_v2\pipe.json ]
INFO - Loading Pipeline: [ testPipe ]
INFO - Loading Program: [ PaperParser ]
INFO - Loading Program: [ PaperDownloader ]
INFO - Executing Program: [ PaperDownloader ]
INFO - Loading File: [ C:\_NOA\NOA_v2\pipe.json ]
INFO - Loading Pipeline: [ testPipe ]
INFO - Loading Program: [ PaperParser ]
INFO - Loading Program: [ PaperDownloader ]
INFO - Executing Program: [ PaperDownloader ]
INFO - Loading File: [ C:\_NOA\NOA_v2\pipe.json ]
INFO - Loading Pipeline: [ testPipe ]
INFO - Loading Program: [ PaperParser ]
INFO - Loading Program: [ PaperDownloader ]
INFO - Executing Program: [ PaperDownloader ]
INFO - Loading File: [ C:\_NOA\NOA_v2\pipe.json ]
INFO - Loading Pipeline: [ testPipe ]
INFO - Loading Program: [ PaperParser ]
INFO - Loading Program: [ PaperDownloader ]
INFO - Executing Program: [ PaperDownloader ]
INFO - Loading File: [ C:\_NOA\NOA_v2\pipe.json ]
INFO - Loading Pipeline: [ testPipe ]
INFO - Loading Program: [ PaperParser ]
INFO - Loading Program: [ PaperDownloader ]
INFO - Executing Program: [ PaperDownloader ]
INFO - Loading File: [ C:\_NOA\NOA_v2\pipe.json ]
INFO - Loading Pipeline: [ testPipe ]
INFO - Loading Program: [ PaperParser ]
INFO - Loading Program: [ PaperDownloader ]
INFO - Executing Program: [ PaperDownloader ]
INFO - Loading File: [ C:\_NOA\NOA_v2\pipe.json ]
INFO - Loading Pipeline: [ testPipe ]
INFO - Loading Program: [ PaperParser ]
INFO - Loading Program: [ PaperDownloader ]
INFO - Executing Program: [ PaperDownloader ]
INFO - Loading File: [ C:\_NOA\NOA_v2\pipe.json ]
INFO - Loading Pipeline: [ testPipe ]
INFO - Loading Program: [ PaperParser ]
INFO - Loading Program: [ PaperDownloader ]
INFO - Executing Program: [ PaperDownloader ]
ERROR - [31mFATAL ERROR:[ PaperDownloader ] ExitCode: 1[0m
INFO - Loading File: [ C:\_NOA\NOA_v2\pipe.json ]
INFO - Loading Pipeline: [ testPipe ]
INFO - Loading Program: [ PaperParser ]
INFO - Loading Program: [ PaperDownloader ]
INFO - Executing Program: [ PaperDownloader ]
INFO - Loading File: [ C:\_NOA\NOA_v2\pipe.json ]
INFO - Loading Pipeline: [ testPipe ]
INFO - Loading Program: [ PaperParser ]
INFO - Loading Program: [ PaperDownloader ]
INFO - Executing Program: [ PaperParser ]
ERROR - Finished Program :[ PaperParser ] [31mwith minor ERRORS[0m
INFO - Executing Program: [ PaperDownloader ]
INFO - Loading File: [ C:\_NOA\NOA_v2\pipe.json ]
INFO - Loading Pipeline: [ testPipe ]
INFO - Loading Program: [ PaperParser ]
INFO - Loading Program: [ PaperDownloader ]
INFO - Executing Program: [ PaperParser ]
INFO - Finished Program: [ PaperParser ] [32mwithout Errors![0m
INFO - Executing Program: [ PaperDownloader ]
INFO - Finished Program: [ PaperDownloader ] [32mwithout Errors![0m
INFO - Loading File: [ C:\_NOA\NOA_v2\pipe.json ]
INFO - Loading Pipeline: [ testPipe ]
INFO - Loading Program: [ PaperParser ]
INFO - Loading Program: [ PaperDownloader ]
INFO - Executing Program: [ PaperParser ]
INFO - Finished Program: [ PaperParser ] [32mwithout Errors![0m
INFO - Executing Program: [ PaperDownloader ]
INFO - Finished Program: [ PaperDownloader ] [32mwithout Errors![0m
INFO - Loading File: [ C:\_NOA\NOA_v2\pipe.json ]
INFO - Loading Pipeline: [ testPipe ]
INFO - Loading File: [ C:\_NOA\NOA_v2\pipe.json ]
INFO - Loading Pipeline: [ testPipe ]
INFO - Loading Program: [ PaperParser ]
INFO - Loading Program: [ PaperDownloader ]
INFO - Loading File: [ C:\_NOA\NOA_v2\pipe.json ]
INFO - Loading Pipeline: [ testPipe ]
INFO - Loading Program: [ PaperParser ]
INFO - Loading Program: [ PaperDownloader ]
INFO - Executing Program: [ PaperParser ]
INFO - Finished Program: [ PaperParser ] [32mwithout Errors![0m
INFO - Executing Program: [ PaperDownloader ]
INFO - Loading File: [ C:\_NOA\NOA_v2\pipe.json ]
INFO - Loading Pipeline: [ testPipe ]
INFO - Loading Program: [ PaperParser ]
INFO - Loading Program: [ PaperDownloader ]
INFO - Executing Program: [ PaperParser ]
INFO - Finished Program: [ PaperParser ] [32mwithout Errors![0m
INFO - Executing Program: [ PaperDownloader ]
INFO - Loading File: [ C:\_NOA\NOA_v2\pipe.json ]
INFO - Loading Pipeline: [ testPipe ]
INFO - Loading Program: [ PaperParser ]
INFO - Loading Program: [ PaperDownloader ]
INFO - Executing Program: [ PaperDownloader ]
INFO - Loading File: [ C:\_NOA\NOA_v2\pipe.json ]
INFO - Loading Pipeline: [ testPipe ]
INFO - Loading Program: [ PaperParser ]
INFO - Loading Program: [ PaperDownloader ]
INFO - Executing Program: [ PaperDownloader ]
INFO - Loading File: [ C:\_NOA\NOA_v2\pipe.json ]
INFO - Loading Pipeline: [ testPipe ]
INFO - Loading Program: [ PaperParser ]
INFO - Loading Program: [ PaperDownloader ]
INFO - Executing Program: [ PaperDownloader ]
INFO - Loading File: [ C:\_NOA\NOA_v2\pipe.json ]
INFO - Loading Pipeline: [ testPipe ]
INFO - Loading Program: [ PaperParser ]
INFO - Loading Program: [ PaperDownloader ]
INFO - Executing Program: [ PaperDownloader ]
INFO - Loading File: [ C:\_NOA\NOA_v2\pipe.json ]
INFO - Loading Pipeline: [ testPipe ]
INFO - Loading Program: [ PaperParser ]
INFO - Loading Program: [ PaperDownloader ]
INFO - Executing Program: [ PaperDownloader ]
INFO - Loading File: [ C:\_NOA\NOA_v2\pipe.json ]
INFO - Loading Pipeline: [ testPipe ]
INFO - Loading Program: [ PaperParser ]
INFO - Loading Program: [ PaperDownloader ]
INFO - Executing Program: [ PaperDownloader ]
INFO - Loading File: [ C:\_NOA\NOA_v2\pipe.json ]
INFO - Loading Pipeline: [ testPipe ]
INFO - Loading Program: [ PaperParser ]
INFO - Loading Program: [ PaperDownloader ]
INFO - Executing Program: [ PaperDownloader ]
INFO - Loading File: [ C:\_NOA\NOA_v2\pipe.json ]
INFO - Loading Pipeline: [ testPipe ]
INFO - Loading Program: [ PaperParser ]
INFO - Loading Program: [ PaperDownloader ]
INFO - Executing Program: [ PaperDownloader ]
INFO - Loading File: [ C:\_NOA\NOA_v2\pipe.json ]
INFO - Loading Pipeline: [ testPipe ]
INFO - Loading Program: [ PaperParser ]
INFO - Loading Program: [ PaperDownloader ]
INFO - Executing Program: [ PaperDownloader ]
INFO - Loading File: [ C:\_NOA\NOA_v2\pipe.json ]
INFO - Loading Pipeline: [ testPipe ]
INFO - Loading Program: [ PaperParser ]
INFO - Loading Program: [ PaperDownloader ]
INFO - Executing Program: [ PaperDownloader ]
INFO - Loading File: [ C:\_NOA\NOA_v2\pipe.json ]
INFO - Loading Pipeline: [ testPipe ]
INFO - Loading Program: [ PaperParser ]
INFO - Loading Program: [ PaperDownloader ]
INFO - Executing Program: [ PaperDownloader ]
INFO - Loading File: [ C:\_NOA\NOA_v2\pipe.json ]
INFO - Loading Pipeline: [ testPipe ]
INFO - Loading Program: [ PaperParser ]
INFO - Loading Program: [ PaperDownloader ]
INFO - Executing Program: [ PaperDownloader ]
INFO - Loading File: [ C:\_NOA\NOA_v2\pipe.json ]
INFO - Loading Pipeline: [ testPipe ]
INFO - Loading Program: [ PaperParser ]
INFO - Loading Program: [ PaperDownloader ]
INFO - Executing Program: [ PaperDownloader ]
INFO - Loading File: [ C:\_NOA\NOA_v2\pipe.json ]
INFO - Loading Pipeline: [ testPipe ]
INFO - Loading Program: [ PaperParser ]
INFO - Loading Program: [ PaperDownloader ]
INFO - Executing Program: [ PaperDownloader ]
INFO - Loading File: [ C:\_NOA\NOA_v2\pipe.json ]
INFO - Loading Pipeline: [ testPipe ]
INFO - Loading Program: [ PaperParser ]
INFO - Loading Program: [ PaperDownloader ]
INFO - Executing Program: [ PaperDownloader ]
INFO - Loading File: [ C:\_NOA\NOA_v2\pipe.json ]
INFO - Loading Pipeline: [ testPipe ]
INFO - Loading Program: [ PaperParser ]
INFO - Loading Program: [ PaperDownloader ]
INFO - Executing Program: [ PaperDownloader ]
INFO - Loading File: [ C:\_NOA\NOA_v2\pipe.json ]
INFO - Loading Pipeline: [ testPipe ]
INFO - Loading Program: [ PaperParser ]
INFO - Loading Program: [ PaperDownloader ]
INFO - Executing Program: [ PaperDownloader ]
INFO - Loading File: [ C:\_NOA\NOA_v2\pipe.json ]
INFO - Loading Pipeline: [ testPipe ]
INFO - Loading Program: [ PaperParser ]
INFO - Loading Program: [ PaperDownloader ]
INFO - Executing Program: [ PaperDownloader ]
INFO - Loading File: [ C:\_NOA\NOA_v2\pipe.json ]
INFO - Loading Pipeline: [ testPipe ]
INFO - Loading Program: [ PaperParser ]
INFO - Loading Program: [ PaperDownloader ]
INFO - Executing Program: [ PaperDownloader ]
